[INFO  - 2017-03-09T10:15:23.876Z] GhostDriver - Main - running on port 26705
[INFO  - 2017-03-09T10:15:24.125Z] Session [4f1e7c90-04b1-11e7-a842-d337f4f88fc5] - page.settings - {"XSSAuditingEnabled":false,"javascriptCanCloseWindows":true,"javascriptCanOpenWindows":true,"javascriptEnabled":true,"loadImages":true,"localToRemoteUrlAccessEnabled":false,"userAgent":"Mozilla/5.0 (Macintosh; Intel Mac OS X) AppleWebKit/538.1 (KHTML, like Gecko) PhantomJS/2.1.1 Safari/538.1","webSecurityEnabled":true}
[INFO  - 2017-03-09T10:15:24.125Z] Session [4f1e7c90-04b1-11e7-a842-d337f4f88fc5] - page.customHeaders:  - {}
[INFO  - 2017-03-09T10:15:24.125Z] Session [4f1e7c90-04b1-11e7-a842-d337f4f88fc5] - Session.negotiatedCapabilities - {"browserName":"phantomjs","version":"2.1.1","driverName":"ghostdriver","driverVersion":"1.2.0","platform":"mac-unknown-64bit","javascriptEnabled":true,"takesScreenshot":true,"handlesAlerts":false,"databaseEnabled":false,"locationContextEnabled":false,"applicationCacheEnabled":false,"browserConnectionEnabled":false,"cssSelectorsEnabled":true,"webStorageEnabled":false,"rotatable":false,"acceptSslCerts":false,"nativeEvents":true,"proxy":{"proxyType":"direct"}}
[INFO  - 2017-03-09T10:15:24.125Z] SessionManagerReqHand - _postNewSessionCommand - New Session Created: 4f1e7c90-04b1-11e7-a842-d337f4f88fc5
[INFO  - 2017-03-09T10:15:24.344Z] ShutdownReqHand - _handle - About to shutdown
[INFO  - 2017-03-09T10:16:03.745Z] GhostDriver - Main - running on port 24148
[INFO  - 2017-03-09T10:16:04.025Z] Session [66e6be50-04b1-11e7-b222-391ff1794fcf] - page.settings - {"XSSAuditingEnabled":false,"javascriptCanCloseWindows":true,"javascriptCanOpenWindows":true,"javascriptEnabled":true,"loadImages":true,"localToRemoteUrlAccessEnabled":false,"userAgent":"Mozilla/5.0 (Macintosh; Intel Mac OS X) AppleWebKit/538.1 (KHTML, like Gecko) PhantomJS/2.1.1 Safari/538.1","webSecurityEnabled":true}
[INFO  - 2017-03-09T10:16:04.025Z] Session [66e6be50-04b1-11e7-b222-391ff1794fcf] - page.customHeaders:  - {}
[INFO  - 2017-03-09T10:16:04.025Z] Session [66e6be50-04b1-11e7-b222-391ff1794fcf] - Session.negotiatedCapabilities - {"browserName":"phantomjs","version":"2.1.1","driverName":"ghostdriver","driverVersion":"1.2.0","platform":"mac-unknown-64bit","javascriptEnabled":true,"takesScreenshot":true,"handlesAlerts":false,"databaseEnabled":false,"locationContextEnabled":false,"applicationCacheEnabled":false,"browserConnectionEnabled":false,"cssSelectorsEnabled":true,"webStorageEnabled":false,"rotatable":false,"acceptSslCerts":false,"nativeEvents":true,"proxy":{"proxyType":"direct"}}
[INFO  - 2017-03-09T10:16:04.025Z] SessionManagerReqHand - _postNewSessionCommand - New Session Created: 66e6be50-04b1-11e7-b222-391ff1794fcf
[INFO  - 2017-03-09T10:16:04.244Z] ShutdownReqHand - _handle - About to shutdown
[INFO  - 2017-03-09T10:17:37.740Z] GhostDriver - Main - running on port 16919
[INFO  - 2017-03-09T10:17:38.001Z] Session [9eea57d0-04b1-11e7-a984-c7f8abdf9611] - page.settings - {"XSSAuditingEnabled":false,"javascriptCanCloseWindows":true,"javascriptCanOpenWindows":true,"javascriptEnabled":true,"loadImages":true,"localToRemoteUrlAccessEnabled":false,"userAgent":"Mozilla/5.0 (Macintosh; Intel Mac OS X) AppleWebKit/538.1 (KHTML, like Gecko) PhantomJS/2.1.1 Safari/538.1","webSecurityEnabled":true}
[INFO  - 2017-03-09T10:17:38.001Z] Session [9eea57d0-04b1-11e7-a984-c7f8abdf9611] - page.customHeaders:  - {}
[INFO  - 2017-03-09T10:17:38.001Z] Session [9eea57d0-04b1-11e7-a984-c7f8abdf9611] - Session.negotiatedCapabilities - {"browserName":"phantomjs","version":"2.1.1","driverName":"ghostdriver","driverVersion":"1.2.0","platform":"mac-unknown-64bit","javascriptEnabled":true,"takesScreenshot":true,"handlesAlerts":false,"databaseEnabled":false,"locationContextEnabled":false,"applicationCacheEnabled":false,"browserConnectionEnabled":false,"cssSelectorsEnabled":true,"webStorageEnabled":false,"rotatable":false,"acceptSslCerts":false,"nativeEvents":true,"proxy":{"proxyType":"direct"}}
[INFO  - 2017-03-09T10:17:38.001Z] SessionManagerReqHand - _postNewSessionCommand - New Session Created: 9eea57d0-04b1-11e7-a984-c7f8abdf9611
[INFO  - 2017-03-09T10:17:38.262Z] ShutdownReqHand - _handle - About to shutdown
[INFO  - 2017-03-09T10:17:59.945Z] GhostDriver - Main - running on port 13347
[INFO  - 2017-03-09T10:18:00.216Z] Session [ac27ee30-04b1-11e7-867f-fff8d41fbfca] - page.settings - {"XSSAuditingEnabled":false,"javascriptCanCloseWindows":true,"javascriptCanOpenWindows":true,"javascriptEnabled":true,"loadImages":true,"localToRemoteUrlAccessEnabled":false,"userAgent":"Mozilla/5.0 (Macintosh; Intel Mac OS X) AppleWebKit/538.1 (KHTML, like Gecko) PhantomJS/2.1.1 Safari/538.1","webSecurityEnabled":true}
[INFO  - 2017-03-09T10:18:00.216Z] Session [ac27ee30-04b1-11e7-867f-fff8d41fbfca] - page.customHeaders:  - {}
[INFO  - 2017-03-09T10:18:00.216Z] Session [ac27ee30-04b1-11e7-867f-fff8d41fbfca] - Session.negotiatedCapabilities - {"browserName":"phantomjs","version":"2.1.1","driverName":"ghostdriver","driverVersion":"1.2.0","platform":"mac-unknown-64bit","javascriptEnabled":true,"takesScreenshot":true,"handlesAlerts":false,"databaseEnabled":false,"locationContextEnabled":false,"applicationCacheEnabled":false,"browserConnectionEnabled":false,"cssSelectorsEnabled":true,"webStorageEnabled":false,"rotatable":false,"acceptSslCerts":false,"nativeEvents":true,"proxy":{"proxyType":"direct"}}
[INFO  - 2017-03-09T10:18:00.216Z] SessionManagerReqHand - _postNewSessionCommand - New Session Created: ac27ee30-04b1-11e7-867f-fff8d41fbfca
[INFO  - 2017-03-09T10:18:00.443Z] ShutdownReqHand - _handle - About to shutdown
